<?xml version="1.0" encoding="UTF-8"?>
<!-- Generated by org.testng.reporters.JUnitXMLReporter -->
<testsuite ignored="0" hostname="Admin-PC" failures="0" tests="6" name="Default test" time="6.031" errors="0" timestamp="01 Jun 2023 16:03:25 GMT">
  <testcase classname="javaHybridProject.Topic_02_Check_Xpath_CSS" name="TC_01_Register_with_empty_data" time="1.541"/>
  <testcase classname="javaHybridProject.Topic_02_Check_Xpath_CSS" name="TC_02_Register_with_invalid_data" time="0.698"/>
  <testcase classname="javaHybridProject.Topic_02_Check_Xpath_CSS" name="TC_03_Register_with_incorrect_confirm_password" time="0.622"/>
  <testcase classname="javaHybridProject.Topic_02_Check_Xpath_CSS" name="TC_04_Register_with_password_less_than_6" time="0.641"/>
  <testcase classname="javaHybridProject.Topic_02_Check_Xpath_CSS" name="TC_05_Register_with_incorrect_password" time="0.635"/>
  <testcase classname="javaHybridProject.Topic_02_Check_Xpath_CSS" name="TC_06_Register_with_incorrect_password" time="0.843"/>
</testsuite> <!-- Default test -->
