<?xml version="1.0" encoding="UTF-8"?>
<testng-results ignored="0" total="6" passed="6" failed="0" skipped="0">
  <reporter-output>
  </reporter-output>
  <suite started-at="2023-06-01T16:03:19Z" name="Default suite" finished-at="2023-06-01T16:03:25Z" duration-ms="6031">
    <groups>
    </groups>
    <test started-at="2023-06-01T16:03:19Z" name="Default test" finished-at="2023-06-01T16:03:25Z" duration-ms="6031">
      <class name="javaHybridProject.Topic_02_Check_Xpath_CSS">
        <test-method is-config="true" signature="beforeClass()[pri:0, instance:javaHybridProject.Topic_02_Check_Xpath_CSS@2aceadd4]" started-at="2023-06-01T16:03:19Z" name="beforeClass" finished-at="2023-06-01T16:03:20Z" duration-ms="938" status="PASS">
          <reporter-output>
          </reporter-output>
        </test-method> <!-- beforeClass -->
        <test-method signature="TC_01_Register_with_empty_data()[pri:0, instance:javaHybridProject.Topic_02_Check_Xpath_CSS@2aceadd4]" started-at="2023-06-01T16:03:20Z" name="TC_01_Register_with_empty_data" finished-at="2023-06-01T16:03:22Z" duration-ms="1541" status="PASS">
          <reporter-output>
          </reporter-output>
        </test-method> <!-- TC_01_Register_with_empty_data -->
        <test-method signature="TC_02_Register_with_invalid_data()[pri:0, instance:javaHybridProject.Topic_02_Check_Xpath_CSS@2aceadd4]" started-at="2023-06-01T16:03:22Z" name="TC_02_Register_with_invalid_data" finished-at="2023-06-01T16:03:22Z" duration-ms="698" status="PASS">
          <reporter-output>
          </reporter-output>
        </test-method> <!-- TC_02_Register_with_invalid_data -->
        <test-method signature="TC_03_Register_with_incorrect_confirm_password()[pri:0, instance:javaHybridProject.Topic_02_Check_Xpath_CSS@2aceadd4]" started-at="2023-06-01T16:03:22Z" name="TC_03_Register_with_incorrect_confirm_password" finished-at="2023-06-01T16:03:23Z" duration-ms="622" status="PASS">
          <reporter-output>
          </reporter-output>
        </test-method> <!-- TC_03_Register_with_incorrect_confirm_password -->
        <test-method signature="TC_04_Register_with_password_less_than_6()[pri:0, instance:javaHybridProject.Topic_02_Check_Xpath_CSS@2aceadd4]" started-at="2023-06-01T16:03:23Z" name="TC_04_Register_with_password_less_than_6" finished-at="2023-06-01T16:03:24Z" duration-ms="641" status="PASS">
          <reporter-output>
          </reporter-output>
        </test-method> <!-- TC_04_Register_with_password_less_than_6 -->
        <test-method signature="TC_05_Register_with_incorrect_password()[pri:0, instance:javaHybridProject.Topic_02_Check_Xpath_CSS@2aceadd4]" started-at="2023-06-01T16:03:24Z" name="TC_05_Register_with_incorrect_password" finished-at="2023-06-01T16:03:24Z" duration-ms="635" status="PASS">
          <reporter-output>
          </reporter-output>
        </test-method> <!-- TC_05_Register_with_incorrect_password -->
        <test-method signature="TC_06_Register_with_incorrect_password()[pri:0, instance:javaHybridProject.Topic_02_Check_Xpath_CSS@2aceadd4]" started-at="2023-06-01T16:03:24Z" name="TC_06_Register_with_incorrect_password" finished-at="2023-06-01T16:03:25Z" duration-ms="843" status="PASS">
          <reporter-output>
          </reporter-output>
        </test-method> <!-- TC_06_Register_with_incorrect_password -->
        <test-method is-config="true" signature="afterClass()[pri:0, instance:javaHybridProject.Topic_02_Check_Xpath_CSS@2aceadd4]" started-at="2023-06-01T16:03:25Z" name="afterClass" finished-at="2023-06-01T16:03:25Z" duration-ms="101" status="PASS">
          <reporter-output>
          </reporter-output>
        </test-method> <!-- afterClass -->
      </class> <!-- javaHybridProject.Topic_02_Check_Xpath_CSS -->
    </test> <!-- Default test -->
  </suite> <!-- Default suite -->
</testng-results>
